#
# There is insufficient memory for the Java Runtime Environment to continue.
# Native memory allocation (malloc) failed to allocate 1048576 bytes. Error detail: AllocateHeap
# Possible reasons:
#   The system is out of physical RAM or swap space
#   This process is running with CompressedOops enabled, and the Java Heap may be blocking the growth of the native heap
# Possible solutions:
#   Reduce memory load on the system
#   Increase physical memory or swap space
#   Check if swap backing store is full
#   Decrease Java heap size (-Xmx/-Xms)
#   Decrease number of Java threads
#   Decrease Java thread stack sizes (-Xss)
#   Set larger code cache with -XX:ReservedCodeCacheSize=
#   JVM is running with Unscaled Compressed Oops mode in which the Java heap is
#     placed in the first 4GB address space. The Java Heap base address is the
#     maximum limit for the native heap growth. Please use -XX:HeapBaseMinAddress
#     to set the Java Heap base and to place the Java Heap above 4GB virtual address.
# This output file may be truncated or incomplete.
#
#  Out of Memory Error (allocation.cpp:42), pid=14548, tid=31612
#
# JRE version: Java(TM) SE Runtime Environment (25.0.2+10) (build 25.0.2+10-LTS-69)
# Java VM: Java HotSpot(TM) 64-Bit Server VM (25.0.2+10-LTS-69, mixed mode, sharing, tiered, compressed oops, compressed class ptrs, parallel gc, windows-amd64)
# No core dump will be written. Minidumps are not enabled by default on client versions of Windows
#

---------------  S U M M A R Y ------------

Command Line: -Djdk.xml.maxGeneralEntitySizeLimit=0 -Djdk.xml.totalEntitySizeLimit=0 --add-modules=ALL-SYSTEM --add-opens=java.base/java.util=ALL-UNNAMED --add-opens=java.base/java.lang=ALL-UNNAMED --add-opens=java.base/sun.nio.fs=ALL-UNNAMED -Declipse.application=org.eclipse.jdt.ls.core.id1 -Dosgi.bundles.defaultStartLevel=4 -Declipse.product=org.eclipse.jdt.ls.core.product -Djava.import.generatesMetadataFilesAtProjectRoot=false -DDetectVMInstallationsJob.disabled=true -Dfile.encoding=utf8 -XX:+UseParallelGC -XX:GCTimeRatio=4 -XX:AdaptiveSizePolicyWeight=90 -Dsun.zip.disableMemoryMapping=true -Xmx2G -Xms100m -Xlog:disable -javaagent:c:\Users\Dung\.vscode\extensions\redhat.java-1.54.0-win32-x64\lombok\lombok-1.18.39-4050.jar -XX:+HeapDumpOnOutOfMemoryError -XX:HeapDumpPath=c:\Users\Dung\AppData\Roaming\Code\User\workspaceStorage\834105afab853a28741eed047361b5a1\redhat.java -Daether.dependencyCollector.impl=bf c:\Users\Dung\.vscode\extensions\redhat.java-1.54.0-win32-x64\server\plugins\org.eclipse.equinox.launcher_1.7.100.v20251111-0406.jar -configuration c:\Users\Dung\AppData\Roaming\Code\User\globalStorage\redhat.java\1.54.0\config_win -data c:\Users\Dung\AppData\Roaming\Code\User\workspaceStorage\834105afab853a28741eed047361b5a1\redhat.java\jdt_ws --pipe=\\.\pipe\lsp-a8b8a93e53e5f9c8ca579fc97fae33d5-sock

Host: 12th Gen Intel(R) Core(TM) i5-1235U, 12 cores, 15G,  Windows 11 , 64 bit Build 22621 (10.0.22621.5415)
Time: Sun Apr 19 23:22:12 2026 SE Asia Standard Time elapsed time: 1847.982008 seconds (0d 0h 30m 47s)

---------------  T H R E A D  ---------------

Current thread (0x00000181db029760):  JavaThread "Attach Listener" daemon [_thread_in_vm, id=31612, stack(0x00000001d1e00000,0x00000001d1f00000) (1024K)]

Stack: [0x00000001d1e00000,0x00000001d1f00000]
Native frames: (J=compiled Java code, j=interpreted, Vv=VM code, C=native code)
V  [jvm.dll+0x7a70f9]  (no source info available)
V  [jvm.dll+0x772d6d]  (no source info available)
V  [jvm.dll+0x965d53]  (no source info available)
V  [jvm.dll+0x968351]  (no source info available)
V  [jvm.dll+0x968a63]  (no source info available)
V  [jvm.dll+0x2fc846]  (no source info available)
V  [jvm.dll+0xf7487]  (no source info available)
V  [jvm.dll+0x7a7a1f]  (no source info available)
V  [jvm.dll+0x1991c7]  (no source info available)
V  [jvm.dll+0x48e9d1]  (no source info available)
V  [jvm.dll+0x906fcd]  (no source info available)
V  [jvm.dll+0x7a56d5]  (no source info available)
C  [ucrtbase.dll+0x29333]  (no source info available)
C  [KERNEL32.DLL+0x1259d]  (no source info available)
C  [ntdll.dll+0x5af78]  (no source info available)

Lock stack of current Java thread (top to bottom):


---------------  P R O C E S S  ---------------

Threads class SMR info:
_java_thread_list=0x00000181ffbb3f10, length=66, elements={
0x00000181d8c80fe0, 0x00000181db0217d0, 0x00000181db0230e0, 0x00000181db026cf0,
0x00000181db029760, 0x00000181db02b080, 0x00000181db02b840, 0x00000181daf9a0a0,
0x00000181daf9e930, 0x00000181fb18c5a0, 0x00000181fb308290, 0x00000181fba74be0,
0x00000181fbc42d80, 0x00000181fb464b90, 0x00000181fbebfd90, 0x00000181fbaad6b0,
0x00000181fb44c0a0, 0x00000181fc353010, 0x00000181fbe77500, 0x00000181fbe7b380,
0x00000181fd9e6e40, 0x00000181fd9e56d0, 0x00000181fd9e85b0, 0x00000181fd9e5ea0,
0x00000181fd9e7de0, 0x00000181fd7927f0, 0x00000181fd794f00, 0x00000181fd796e40,
0x00000181fd796670, 0x00000181fd792fc0, 0x00000181fd795ea0, 0x00000181fd797610,
0x00000181fc7a7d70, 0x00000181fc7a3720, 0x00000181fc7a3ef0, 0x00000181fe3027a0,
0x00000181fda19af0, 0x00000181fda1ba30, 0x00000181fda1b260, 0x00000181fc457c80,
0x00000181fc45b330, 0x00000181fc45bb00, 0x00000181fc45c2d0, 0x00000181fc45e210,
0x00000181820f81a0, 0x00000181820f7200, 0x00000181fbe74df0, 0x00000181fb9f6910,
0x00000181fb9f8080, 0x00000181fee9ca40, 0x00000181fee9e980, 0x00000181fe3075c0,
0x00000181fe302f70, 0x00000181fe30c3e0, 0x00000181fc7a4e90, 0x000001818b815980,
0x000001818b819fd0, 0x000001818b81bf10, 0x000001818b81ceb0, 0x000001818b821500,
0x00000181fda1d970, 0x00000181fee94d40, 0x00000181fee964b0, 0x00000181fee9ab00,
0x00000181fbe1ea00, 0x00000181fee96c80
}

Java Threads: ( => current thread )
  0x00000181d8c80fe0 JavaThread "main"                              [_thread_blocked, id=23304, stack(0x00000001d1700000,0x00000001d1800000) (1024K)]
  0x00000181db0217d0 JavaThread "Reference Handler"          daemon [_thread_blocked, id=24144, stack(0x00000001d1b00000,0x00000001d1c00000) (1024K)]
  0x00000181db0230e0 JavaThread "Finalizer"                  daemon [_thread_blocked, id=35408, stack(0x00000001d1c00000,0x00000001d1d00000) (1024K)]
  0x00000181db026cf0 JavaThread "Signal Dispatcher"          daemon [_thread_blocked, id=19780, stack(0x00000001d1d00000,0x00000001d1e00000) (1024K)]
=>0x00000181db029760 JavaThread "Attach Listener"            daemon [_thread_in_vm, id=31612, stack(0x00000001d1e00000,0x00000001d1f00000) (1024K)]
  0x00000181db02b080 JavaThread "Service Thread"             daemon [_thread_blocked, id=15008, stack(0x00000001d1f00000,0x00000001d2000000) (1024K)]
  0x00000181db02b840 JavaThread "Monitor Deflation Thread"   daemon [_thread_blocked, id=31240, stack(0x00000001d2000000,0x00000001d2100000) (1024K)]
  0x00000181daf9a0a0 JavaThread "C2 CompilerThread0"         daemon [_thread_blocked, id=23900, stack(0x00000001d2100000,0x00000001d2200000) (1024K)]
  0x00000181daf9e930 JavaThread "C1 CompilerThread0"         daemon [_thread_blocked, id=30516, stack(0x00000001d2200000,0x00000001d2300000) (1024K)]
  0x00000181fb18c5a0 JavaThread "Common-Cleaner"             daemon [_thread_blocked, id=34804, stack(0x00000001d2400000,0x00000001d2500000) (1024K)]
  0x00000181fb308290 JavaThread "Notification Thread"        daemon [_thread_blocked, id=37360, stack(0x00000001d2300000,0x00000001d2400000) (1024K)]
  0x00000181fba74be0 JavaThread "Active Thread: Equinox Container: 0ba120b4-a5de-40ac-b67e-5e3c70f36846"        [_thread_blocked, id=15716, stack(0x00000001d2a00000,0x00000001d2b00000) (1024K)]
  0x00000181fbc42d80 JavaThread "Framework Event Dispatcher: Equinox Container: 0ba120b4-a5de-40ac-b67e-5e3c70f36846" daemon [_thread_blocked, id=11008, stack(0x00000001d2500000,0x00000001d2600000) (1024K)]
  0x00000181fb464b90 JavaThread "Start Level: Equinox Container: 0ba120b4-a5de-40ac-b67e-5e3c70f36846" daemon [_thread_blocked, id=32260, stack(0x00000001d2900000,0x00000001d2a00000) (1024K)]
  0x00000181fbebfd90 JavaThread "Bundle File Closer"         daemon [_thread_blocked, id=3544, stack(0x00000001d2d00000,0x00000001d2e00000) (1024K)]
  0x00000181fbaad6b0 JavaThread "SCR Component Actor"        daemon [_thread_blocked, id=32320, stack(0x00000001d2e00000,0x00000001d2f00000) (1024K)]
  0x00000181fb44c0a0 JavaThread "Worker-JM"                         [_thread_blocked, id=9136, stack(0x00000001d2f00000,0x00000001d3000000) (1024K)]
  0x00000181fc353010 JavaThread "JNA Cleaner"                daemon [_thread_blocked, id=29244, stack(0x00000001d3300000,0x00000001d3400000) (1024K)]
  0x00000181fbe77500 JavaThread "Java indexing"              daemon [_thread_blocked, id=4072, stack(0x00000001d3900000,0x00000001d3a00000) (1024K)]
  0x00000181fbe7b380 JavaThread "InnocuousThread-1"          daemon [_thread_in_native, id=14508, stack(0x00000001d3c00000,0x00000001d3d00000) (1024K)]
  0x00000181fd9e6e40 JavaThread "InnocuousThread-2"          daemon [_thread_in_native, id=31556, stack(0x00000001d3d00000,0x00000001d3e00000) (1024K)]
  0x00000181fd9e56d0 JavaThread "InnocuousThread-3"          daemon [_thread_in_native, id=12204, stack(0x00000001d3e00000,0x00000001d3f00000) (1024K)]
  0x00000181fd9e85b0 JavaThread "InnocuousThread-4"          daemon [_thread_in_native, id=25776, stack(0x00000001d3f00000,0x00000001d4000000) (1024K)]
  0x00000181fd9e5ea0 JavaThread "InnocuousThread-5"          daemon [_thread_in_native, id=30580, stack(0x00000001d4000000,0x00000001d4100000) (1024K)]
  0x00000181fd9e7de0 JavaThread "InnocuousThread-6"          daemon [_thread_in_native, id=22612, stack(0x00000001d4100000,0x00000001d4200000) (1024K)]
  0x00000181fd7927f0 JavaThread "InnocuousThread-7"          daemon [_thread_in_native, id=25124, stack(0x00000001d4200000,0x00000001d4300000) (1024K)]
  0x00000181fd794f00 JavaThread "InnocuousThread-8"          daemon [_thread_in_native, id=6372, stack(0x00000001d4300000,0x00000001d4400000) (1024K)]
  0x00000181fd796e40 JavaThread "InnocuousThread-9"          daemon [_thread_in_native, id=9464, stack(0x00000001d4400000,0x00000001d4500000) (1024K)]
  0x00000181fd796670 JavaThread "InnocuousThread-10"         daemon [_thread_in_native, id=14016, stack(0x00000001d4500000,0x00000001d4600000) (1024K)]
  0x00000181fd792fc0 JavaThread "InnocuousThread-11"         daemon [_thread_in_native, id=20624, stack(0x00000001d4600000,0x00000001d4700000) (1024K)]
  0x00000181fd795ea0 JavaThread "InnocuousThread-12"         daemon [_thread_in_native, id=30764, stack(0x00000001d4700000,0x00000001d4800000) (1024K)]
  0x00000181fd797610 JavaThread "InnocuousThread-13"         daemon [_thread_in_native, id=11600, stack(0x00000001d4800000,0x00000001d4900000) (1024K)]
  0x00000181fc7a7d70 JavaThread "pool-2-thread-1"                   [_thread_blocked, id=6240, stack(0x00000001d4900000,0x00000001d4a00000) (1024K)]
  0x00000181fc7a3720 JavaThread "WorkspaceEventsHandler"            [_thread_blocked, id=37864, stack(0x00000001d4a00000,0x00000001d4b00000) (1024K)]
  0x00000181fc7a3ef0 JavaThread "pool-1-thread-1"                   [_thread_blocked, id=6200, stack(0x00000001d4b00000,0x00000001d4c00000) (1024K)]
  0x00000181fe3027a0 JavaThread "Cleaner-0"                  daemon [_thread_blocked, id=32180, stack(0x00000001d1500000,0x00000001d1600000) (1024K)]
  0x00000181fda19af0 JavaThread "Java Debug Server"          daemon [_thread_in_native, id=5200, stack(0x00000001d3b00000,0x00000001d3c00000) (1024K)]
  0x00000181fda1ba30 JavaThread "RxSchedulerPurge-1"         daemon [_thread_blocked, id=15288, stack(0x00000001d5100000,0x00000001d5200000) (1024K)]
  0x00000181fda1b260 JavaThread "RxCachedWorkerPoolEvictor-1" daemon [_thread_blocked, id=15988, stack(0x00000001d5200000,0x00000001d5300000) (1024K)]
  0x00000181fc457c80 JavaThread "Compiler Source File Reader" daemon [_thread_blocked, id=16864, stack(0x00000001d4e00000,0x00000001d4f00000) (1024K)]
  0x00000181fc45b330 JavaThread "Compiler Source File Reader" daemon [_thread_blocked, id=15880, stack(0x00000001d5000000,0x00000001d5100000) (1024K)]
  0x00000181fc45bb00 JavaThread "Compiler Source File Reader" daemon [_thread_blocked, id=33444, stack(0x00000001d5300000,0x00000001d5400000) (1024K)]
  0x00000181fc45c2d0 JavaThread "Compiler Source File Reader" daemon [_thread_blocked, id=21652, stack(0x00000001d5400000,0x00000001d5500000) (1024K)]
  0x00000181fc45e210 JavaThread "Compiler Source File Reader" daemon [_thread_blocked, id=336, stack(0x00000001d5500000,0x00000001d5600000) (1024K)]
  0x00000181820f81a0 JavaThread "Compiler Source File Reader" daemon [_thread_blocked, id=10876, stack(0x00000001d5700000,0x00000001d5800000) (1024K)]
  0x00000181820f7200 JavaThread "Compiler Source File Reader" daemon [_thread_blocked, id=36768, stack(0x00000001d5800000,0x00000001d5900000) (1024K)]
  0x00000181fbe74df0 JavaThread "Compiler Source File Reader" daemon [_thread_blocked, id=31380, stack(0x00000001d6600000,0x00000001d6700000) (1024K)]
  0x00000181fb9f6910 JavaThread "ForkJoinPool.commonPool-worker-54" daemon [_thread_blocked, id=21616, stack(0x00000001d1400000,0x00000001d1500000) (1024K)]
  0x00000181fb9f8080 JavaThread "ForkJoinPool.commonPool-worker-55" daemon [_thread_blocked, id=24196, stack(0x00000001d3200000,0x00000001d3300000) (1024K)]
  0x00000181fee9ca40 JavaThread "ForkJoinPool.commonPool-worker-56" daemon [_thread_blocked, id=19564, stack(0x00000001d3400000,0x00000001d3500000) (1024K)]
  0x00000181fee9e980 JavaThread "ForkJoinPool.commonPool-worker-57" daemon [_thread_blocked, id=29316, stack(0x00000001d3800000,0x00000001d3900000) (1024K)]
  0x00000181fe3075c0 JavaThread "ForkJoinPool.commonPool-worker-58" daemon [_thread_blocked, id=7400, stack(0x00000001d4f00000,0x00000001d5000000) (1024K)]
  0x00000181fe302f70 JavaThread "ForkJoinPool.commonPool-worker-59" daemon [_thread_blocked, id=19548, stack(0x00000001d5900000,0x00000001d5a00000) (1024K)]
  0x00000181fe30c3e0 JavaThread "ForkJoinPool.commonPool-worker-60" daemon [_thread_blocked, id=35688, stack(0x00000001d5a00000,0x00000001d5b00000) (1024K)]
  0x00000181fc7a4e90 JavaThread "Worker-31"                         [_thread_blocked, id=33840, stack(0x00000001d5b00000,0x00000001d5c00000) (1024K)]
  0x000001818b815980 JavaThread "ForkJoinPool.commonPool-worker-61" daemon [_thread_blocked, id=33692, stack(0x00000001d7900000,0x00000001d7a00000) (1024K)]
  0x000001818b819fd0 JavaThread "ForkJoinPool.commonPool-worker-62" daemon [_thread_blocked, id=544, stack(0x00000001d7a00000,0x00000001d7b00000) (1024K)]
  0x000001818b81bf10 JavaThread "ForkJoinPool.commonPool-worker-63" daemon [_thread_blocked, id=23960, stack(0x00000001d7b00000,0x00000001d7c00000) (1024K)]
  0x000001818b81ceb0 JavaThread "ForkJoinPool.commonPool-worker-64" daemon [_thread_blocked, id=18056, stack(0x00000001d7c00000,0x00000001d7d00000) (1024K)]
  0x000001818b821500 JavaThread "Worker-36"                         [_thread_blocked, id=35340, stack(0x00000001d5f00000,0x00000001d6000000) (1024K)]
  0x00000181fda1d970 JavaThread "Worker-37"                         [_thread_blocked, id=7416, stack(0x00000001d6200000,0x00000001d6300000) (1024K)]
  0x00000181fee94d40 JavaThread "Compiler Source File Reader" daemon [_thread_blocked, id=36528, stack(0x00000001d1600000,0x00000001d1700000) (1024K)]
  0x00000181fee964b0 JavaThread "Compiler Source File Reader" daemon [_thread_blocked, id=21848, stack(0x00000001d4c00000,0x00000001d4d00000) (1024K)]
  0x00000181fee9ab00 JavaThread "HttpClient-2-SelectorManager" daemon [_thread_in_native, id=13876, stack(0x00000001d5600000,0x00000001d5700000) (1024K)]
  0x00000181fbe1ea00 JavaThread "Worker-39"                         [_thread_blocked, id=36940, stack(0x00000001d3500000,0x00000001d3600000) (1024K)]
  0x00000181fee96c80 JavaThread "Worker-40"                         [_thread_blocked, id=10752, stack(0x00000001d3a00000,0x00000001d3b00000) (1024K)]
Total: 66

Other Threads:
  0x00000181db012b60 VMThread "VM Thread"                           [id=31064, stack(0x00000001d1a00000,0x00000001d1b00000) (1024K)]
  0x00000181f4b9ca00 WatcherThread "VM Periodic Task Thread"        [id=22824, stack(0x00000001d1900000,0x00000001d1a00000) (1024K)]
  0x00000181dafa8b30 WorkerThread "GC Thread#0"                     [id=19260, stack(0x00000001d1800000,0x00000001d1900000) (1024K)]
  0x00000181fb8d8190 WorkerThread "GC Thread#1"                     [id=21824, stack(0x00000001d2600000,0x00000001d2700000) (1024K)]
  0x00000181fb810a90 WorkerThread "GC Thread#2"                     [id=25412, stack(0x00000001d2700000,0x00000001d2800000) (1024K)]
  0x00000181fb7c81b0 WorkerThread "GC Thread#3"                     [id=17160, stack(0x00000001d2800000,0x00000001d2900000) (1024K)]
  0x00000181fba3f6e0 WorkerThread "GC Thread#4"                     [id=31788, stack(0x00000001d2b00000,0x00000001d2c00000) (1024K)]
  0x00000181fb35aa70 WorkerThread "GC Thread#5"                     [id=34076, stack(0x00000001d2c00000,0x00000001d2d00000) (1024K)]
  0x00000181fb359d80 WorkerThread "GC Thread#6"                     [id=16028, stack(0x00000001d3000000,0x00000001d3100000) (1024K)]
  0x00000181fb35a1d0 WorkerThread "GC Thread#7"                     [id=32112, stack(0x00000001d3100000,0x00000001d3200000) (1024K)]
  0x00000181fbcaff10 WorkerThread "GC Thread#8"                     [id=31664, stack(0x00000001d3600000,0x00000001d3700000) (1024K)]
  0x00000181fbcae980 WorkerThread "GC Thread#9"                     [id=11884, stack(0x00000001d3700000,0x00000001d3800000) (1024K)]
Total: 12

Threads with active compile tasks:
Total: 0

VM state: not at safepoint (normal execution)

VM Mutex/Monitor currently owned by a thread: None

Heap address: 0x0000000080000000, size: 2048 MB, Compressed Oops mode: 32-bit

CDS archive(s) mapped at: [0x000000001b000000-0x000000001bdd0000-0x000000001bdd0000), size 14483456, SharedBaseAddress: 0x000000001b000000, ArchiveRelocationMode: 1.
Compressed class space mapped at: 0x000000001c000000-0x000000005c000000, reserved size: 1073741824
UseCompressedClassPointers 1, UseCompactObjectHeaders 0
Narrow klass pointer bits 32, Max shift 3
Narrow klass base: 0x000000001b000000, Narrow klass shift: 0
Encoding Range: [0x000000001b000000 - 0x000000011b000000), (4294967296 bytes)
Klass Range:    [0x000000001b010000 - 0x000000005c000000), (1090453504 bytes)
Klass ID Range:  [65536 - 1090519033) (1090453497)
Protection zone: [0x000000001b000000 - 0x000000001b010000), (65536 bytes)

GC Precious Log:
 CardTable entry size: 512
 CPUs: 12 total, 12 available
 Memory: 15568M
 Large Page Support: Disabled
 NUMA Support: Disabled
 Compressed Oops: Enabled (32-bit)
 Alignments: Space 512K, Generation 512K, Heap 2M
 Heap Min Capacity: 100M
 Heap Initial Capacity: 100M
 Heap Max Capacity: 2G
 Pre-touch: Disabled
 Parallel Workers: 10

Heap:
 PSYoungGen      total 32256K, used 27249K [0x00000000d5580000, 0x00000000d7680000, 0x0000000100000000)
  eden space 30720K, 85% used [0x00000000d5580000,0x00000000d6f179f0,0x00000000d7380000)
  from space 1536K, 67% used [0x00000000d7500000,0x00000000d7604cd0,0x00000000d7680000)
  to   space 1536K, 0% used [0x00000000d7380000,0x00000000d7380000,0x00000000d7500000)
 ParOldGen       total 1393152K, used 1392975K [0x0000000080000000, 0x00000000d5080000, 0x00000000d5580000)
  object space 1393152K, 99% used [0x0000000080000000,0x00000000d5053e78,0x00000000d5080000)

Card table byte_map: [0x00000181daa70000,0x00000181dae70000] _byte_map_base: 0x00000181da670000

Marking Bits: (ParMarkBitMap*) 0x00007ffdada4eb00
 Begin Bits: [0x00000181f2ac0000, 0x00000181f4ac0000)

Polling page: 0x00000181d8de0000

Metaspace:
Metaspace        used 99232K, committed 101120K, reserved 1179648K
 class space     used 10651K, committed 11520K, reserved 1048576K

Usage:
  Non-class:     86.50 MB used.
      Class:     10.40 MB used.
       Both:     96.91 MB used.

Virtual space:
  Non-class space:      128.00 MB reserved,      87.50 MB ( 68%) committed,  2 nodes.
      Class space:        1.00 GB reserved,      11.25 MB (  1%) committed,  1 nodes.
             Both:        1.12 GB reserved,      98.75 MB (  9%) committed. 

Chunk freelists:
   Non-Class:  8.44 MB
       Class:  4.67 MB
        Both:  13.11 MB

MaxMetaspaceSize: unlimited
CompressedClassSpaceSize: 1.00 GB
Initial GC threshold: 21.00 MB
Current GC threshold: 142.81 MB
CDS: on
 - commit_granule_bytes: 65536.
 - commit_granule_words: 8192.
 - virtual_space_node_default_size: 8388608.
 - enlarge_chunks_in_place: 1.
UseCompressedClassPointers 1, UseCompactObjectHeaders 0
Narrow klass pointer bits 32, Max shift 3
Narrow klass base: 0x000000001b000000, Narrow klass shift: 0
Encoding Range: [0x000000001b000000 - 0x000000011b000000), (4294967296 bytes)
Klass Range:    [0x000000001b010000 - 0x000000005c000000), (1090453504 bytes)
Klass ID Range:  [65536 - 1090519033) (1090453497)
Protection zone: [0x000000001b000000 - 0x000000001b010000), (65536 bytes)


Internal statistics:

num_allocs_failed_limit: 9.
num_arena_births: 1548.
num_arena_deaths: 20.
num_vsnodes_births: 3.
num_vsnodes_deaths: 0.
num_space_committed: 1581.
num_space_uncommitted: 1.
num_chunks_returned_to_freelist: 46.
num_chunks_taken_from_freelist: 6230.
num_chunk_merges: 13.
num_chunk_splits: 3822.
num_chunks_enlarged: 2296.
num_inconsistent_stats: 0.

CodeHeap 'non-profiled nmethods': size=120064Kb used=20637Kb max_used=20637Kb free=99426Kb
 bounds [0x00000181eb2d0000, 0x00000181ec700000, 0x00000181f2810000]
CodeHeap 'profiled nmethods': size=120000Kb used=49613Kb max_used=49613Kb free=70386Kb
 bounds [0x00000181e3810000, 0x00000181e6890000, 0x00000181ead40000]
CodeHeap 'non-nmethods': size=5696Kb used=1629Kb max_used=1696Kb free=4066Kb
 bounds [0x00000181ead40000, 0x00000181eafb0000, 0x00000181eb2d0000]
CodeCache: size=245760Kb, used=71879Kb, max_used=71946Kb, free=173878Kb
 total_blobs=26492, nmethods=25589, adapters=800, full_count=0
Compilation: enabled, stopped_count=0, restarted_count=0

Compilation events (20 events):
Event: 1829.098 Thread 0x00000181daf9e930 nmethod 28098 0x00000181e6880888 code [0x00000181e6880980, 0x00000181e6881348]
Event: 1829.099 Thread 0x0000018180674d00 28097       4       org.eclipse.jdt.internal.compiler.flow.UnconditionalFlowInfo::<init> (5 bytes)
Event: 1829.099 Thread 0x0000018180674d00 nmethod 28097 0x00000181ec6f0508 code [0x00000181ec6f0600, 0x00000181ec6f0678]
Event: 1829.099 Thread 0x0000018180674d00 28095       4       org.eclipse.jdt.internal.compiler.lookup.InferenceContext18::getParameter (37 bytes)
Event: 1829.100 Thread 0x00000181daf9e930 28099       3       org.eclipse.jdt.internal.compiler.ast.Block::isEmptyBlock (11 bytes)
Event: 1829.100 Thread 0x00000181daf9e930 nmethod 28099 0x00000181e6881388 code [0x00000181e6881480, 0x00000181e68815e8]
Event: 1829.101 Thread 0x0000018180674d00 nmethod 28095 0x00000181ec6f0808 code [0x00000181ec6f0900, 0x00000181ec6f0a70]
Event: 1829.101 Thread 0x0000018180674d00 28094       4       org.eclipse.jdt.internal.compiler.lookup.BlockScope::addLocalVariable (132 bytes)
Event: 1829.107 Thread 0x0000018180674d00 nmethod 28094 0x00000181ec6f0b08 code [0x00000181ec6f0c00, 0x00000181ec6f10c8]
Event: 1829.107 Thread 0x0000018180674d00 28092       4       org.eclipse.jdt.internal.compiler.lookup.CapturingContext::leave (38 bytes)
Event: 1829.118 Thread 0x00000181daf9e930 28100  s    3       org.eclipse.jdt.ls.core.internal.handlers.WorkspaceExecuteCommandHandler::getDelegateCommandHandlerDescriptors (6 bytes)
Event: 1829.118 Thread 0x00000181daf9e930 nmethod 28100 0x00000181e6881688 code [0x00000181e6881780, 0x00000181e6881a10]
Event: 1829.118 Thread 0x00000181daf9e930 28101  s    3       org.eclipse.jdt.ls.core.internal.handlers.WorkspaceExecuteCommandHandler::getDelegateCommandHandlerDescriptors (84 bytes)
Event: 1829.119 Thread 0x00000181daf9e930 nmethod 28101 0x00000181e6881a88 code [0x00000181e6881b80, 0x00000181e6882f08]
Event: 1829.129 Thread 0x0000018180674d00 nmethod 28092 0x00000181ec6f1108 code [0x00000181ec6f1200, 0x00000181ec6f1ca0]
Event: 1829.129 Thread 0x0000018180674d00 28102       4       java.util.Locale::hashCode (41 bytes)
Event: 1829.130 Thread 0x0000018180674d00 nmethod 28102 0x00000181ec6f1d08 code [0x00000181ec6f1e00, 0x00000181ec6f1ef8]
Event: 1829.139 Thread 0x00000181daf9e930 28103       3       org.eclipse.jdt.internal.compiler.lookup.ArrayBinding::erasure (34 bytes)
Event: 1829.140 Thread 0x00000181daf9e930 nmethod 28103 0x00000181e6882f88 code [0x00000181e6883080, 0x00000181e6883448]
Event: 1829.361 Thread 0x00000181daf9a0a0 nmethod 28091 0x00000181ec6f2008 code [0x00000181ec6f2120, 0x00000181ec6f74e8]

GC Heap Usage History (20 events):
Event: 1737.332 {heap Before GC invocations=705 (full 4):
 PSYoungGen      total 10752K, used 10742K [0x00000000d5580000, 0x00000000d9c80000, 0x0000000100000000)
  eden space 9216K, 100% used [0x00000000d5580000,0x00000000d5e80000,0x00000000d5e80000)
  from space 1536K, 99% used [0x00000000d7500000,0x00000000d767da00,0x00000000d7680000)
  to   space 23040K, 0% used [0x00000000d5e80000,0x00000000d5e80000,0x00000000d7500000)
 ParOldGen       total 1346560K, used 1346287K [0x0000000080000000, 0x00000000d2300000, 0x00000000d5Event: 1737.335 {heap After GC invocations=705 (full 4):
 PSYoungGen      total 14848K, used 5368K [0x00000000d5580000, 0x00000000d7680000, 0x0000000100000000)
  eden space 9216K, 0% used [0x00000000d5580000,0x00000000d5580000,0x00000000d5e80000)
  from space 5632K, 95% used [0x00000000d5e80000,0x00000000d63be3d8,0x00000000d6400000)
  to   space 10752K, 0% used [0x00000000d6c00000,0x00000000d6c00000,0x00000000d7680000)
 ParOldGen       total 1347072K, used 1346631K [0x0000000080000000, 0x00000000d2380000, 0x00000000d55800Event: 1737.379 {heap Before GC invocations=706 (full 4):
 PSYoungGen      total 14848K, used 14584K [0x00000000d5580000, 0x00000000d7680000, 0x0000000100000000)
  eden space 9216K, 100% used [0x00000000d5580000,0x00000000d5e80000,0x00000000d5e80000)
  from space 5632K, 95% used [0x00000000d5e80000,0x00000000d63be3d8,0x00000000d6400000)
  to   space 10752K, 0% used [0x00000000d6c00000,0x00000000d6c00000,0x00000000d7680000)
 ParOldGen       total 1347072K, used 1346631K [0x0000000080000000, 0x00000000d2380000, 0x00000000d5Event: 1737.385 {heap After GC invocations=706 (full 4):
 PSYoungGen      total 28160K, used 3759K [0x00000000d5580000, 0x00000000d7680000, 0x0000000100000000)
  eden space 17408K, 0% used [0x00000000d5580000,0x00000000d5580000,0x00000000d6680000)
  from space 10752K, 34% used [0x00000000d6c00000,0x00000000d6fabe70,0x00000000d7680000)
  to   space 5632K, 0% used [0x00000000d6680000,0x00000000d6680000,0x00000000d6c00000)
 ParOldGen       total 1352192K, used 1351753K [0x0000000080000000, 0x00000000d2880000, 0x00000000d5580Event: 1737.458 {heap Before GC invocations=707 (full 4):
 PSYoungGen      total 28160K, used 20153K [0x00000000d5580000, 0x00000000d7680000, 0x0000000100000000)
  eden space 17408K, 94% used [0x00000000d5580000,0x00000000d6582710,0x00000000d6680000)
  from space 10752K, 34% used [0x00000000d6c00000,0x00000000d6fabe70,0x00000000d7680000)
  to   space 5632K, 0% used [0x00000000d6680000,0x00000000d6680000,0x00000000d6c00000)
 ParOldGen       total 1352192K, used 1351753K [0x0000000080000000, 0x00000000d2880000, 0x00000000d5Event: 1737.467 {heap After GC invocations=707 (full 4):
 PSYoungGen      total 23040K, used 5616K [0x00000000d5580000, 0x00000000d8580000, 0x0000000100000000)
  eden space 17408K, 0% used [0x00000000d5580000,0x00000000d5580000,0x00000000d6680000)
  from space 5632K, 99% used [0x00000000d6680000,0x00000000d6bfc000,0x00000000d6c00000)
  to   space 15872K, 0% used [0x00000000d7600000,0x00000000d7600000,0x00000000d8580000)
 ParOldGen       total 1359872K, used 1359809K [0x0000000080000000, 0x00000000d3000000, 0x00000000d5580Event: 1737.725 {heap Before GC invocations=708 (full 4):
 PSYoungGen      total 23040K, used 23024K [0x00000000d5580000, 0x00000000d8580000, 0x0000000100000000)
  eden space 17408K, 100% used [0x00000000d5580000,0x00000000d6680000,0x00000000d6680000)
  from space 5632K, 99% used [0x00000000d6680000,0x00000000d6bfc000,0x00000000d6c00000)
  to   space 15872K, 0% used [0x00000000d7600000,0x00000000d7600000,0x00000000d8580000)
 ParOldGen       total 1383424K, used 1382849K [0x0000000080000000, 0x00000000d4700000, 0x00000000dEvent: 1737.730 {heap After GC invocations=708 (full 4):
 PSYoungGen      total 24064K, used 544K [0x00000000d5580000, 0x00000000d7700000, 0x0000000100000000)
  eden space 23040K, 0% used [0x00000000d5580000,0x00000000d5580000,0x00000000d6c00000)
  from space 1024K, 53% used [0x00000000d7600000,0x00000000d7688020,0x00000000d7700000)
  to   space 5632K, 0% used [0x00000000d6c00000,0x00000000d6c00000,0x00000000d7180000)
 ParOldGen       total 1388032K, used 1387761K [0x0000000080000000, 0x00000000d4b80000, 0x00000000d558000Event: 1738.245 {heap Before GC invocations=709 (full 4):
 PSYoungGen      total 24064K, used 23557K [0x00000000d5580000, 0x00000000d7700000, 0x0000000100000000)
  eden space 23040K, 99% used [0x00000000d5580000,0x00000000d6bf9638,0x00000000d6c00000)
  from space 1024K, 53% used [0x00000000d7600000,0x00000000d7688020,0x00000000d7700000)
  to   space 5632K, 0% used [0x00000000d6c00000,0x00000000d6c00000,0x00000000d7180000)
 ParOldGen       total 1388032K, used 1387761K [0x0000000080000000, 0x00000000d4b80000, 0x00000000d55Event: 1738.247 {heap After GC invocations=709 (full 4):
 PSYoungGen      total 28672K, used 288K [0x00000000d5580000, 0x00000000d7680000, 0x0000000100000000)
  eden space 23040K, 0% used [0x00000000d5580000,0x00000000d5580000,0x00000000d6c00000)
  from space 5632K, 5% used [0x00000000d6c00000,0x00000000d6c48000,0x00000000d7180000)
  to   space 1536K, 0% used [0x00000000d7500000,0x00000000d7500000,0x00000000d7680000)
 ParOldGen       total 1388032K, used 1387961K [0x0000000080000000, 0x00000000d4b80000, 0x00000000d5580000Event: 1754.140 {heap Before GC invocations=710 (full 4):
 PSYoungGen      total 28672K, used 23328K [0x00000000d5580000, 0x00000000d7680000, 0x0000000100000000)
  eden space 23040K, 100% used [0x00000000d5580000,0x00000000d6c00000,0x00000000d6c00000)
  from space 5632K, 5% used [0x00000000d6c00000,0x00000000d6c48000,0x00000000d7180000)
  to   space 1536K, 0% used [0x00000000d7500000,0x00000000d7500000,0x00000000d7680000)
 ParOldGen       total 1388032K, used 1387961K [0x0000000080000000, 0x00000000d4b80000, 0x00000000d55Event: 1754.143 {heap After GC invocations=710 (full 4):
 PSYoungGen      total 31232K, used 1367K [0x00000000d5580000, 0x00000000d7680000, 0x0000000100000000)
  eden space 29696K, 0% used [0x00000000d5580000,0x00000000d5580000,0x00000000d7280000)
  from space 1536K, 89% used [0x00000000d7500000,0x00000000d7655fd0,0x00000000d7680000)
  to   space 2048K, 0% used [0x00000000d7280000,0x00000000d7280000,0x00000000d7480000)
 ParOldGen       total 1388544K, used 1388033K [0x0000000080000000, 0x00000000d4c00000, 0x00000000d55800Event: 1754.568 {heap Before GC invocations=711 (full 4):
 PSYoungGen      total 31232K, used 31063K [0x00000000d5580000, 0x00000000d7680000, 0x0000000100000000)
  eden space 29696K, 100% used [0x00000000d5580000,0x00000000d7280000,0x00000000d7280000)
  from space 1536K, 89% used [0x00000000d7500000,0x00000000d7655fd0,0x00000000d7680000)
  to   space 2048K, 0% used [0x00000000d7280000,0x00000000d7280000,0x00000000d7480000)
 ParOldGen       total 1388544K, used 1388033K [0x0000000080000000, 0x00000000d4c00000, 0x00000000d5Event: 1754.571 {heap After GC invocations=711 (full 4):
 PSYoungGen      total 31232K, used 2045K [0x00000000d5580000, 0x00000000d7a00000, 0x0000000100000000)
  eden space 29184K, 0% used [0x00000000d5580000,0x00000000d5580000,0x00000000d7200000)
  from space 2048K, 99% used [0x00000000d7280000,0x00000000d747f4a0,0x00000000d7480000)
  to   space 4096K, 0% used [0x00000000d7600000,0x00000000d7600000,0x00000000d7a00000)
 ParOldGen       total 1389568K, used 1389275K [0x0000000080000000, 0x00000000d4d00000, 0x00000000d55800Event: 1766.342 {heap Before GC invocations=712 (full 4):
 PSYoungGen      total 31232K, used 31229K [0x00000000d5580000, 0x00000000d7a00000, 0x0000000100000000)
  eden space 29184K, 100% used [0x00000000d5580000,0x00000000d7200000,0x00000000d7200000)
  from space 2048K, 99% used [0x00000000d7280000,0x00000000d747f4a0,0x00000000d7480000)
  to   space 4096K, 0% used [0x00000000d7600000,0x00000000d7600000,0x00000000d7a00000)
 ParOldGen       total 1389568K, used 1389275K [0x0000000080000000, 0x00000000d4d00000, 0x00000000d5Event: 1766.345 {heap After GC invocations=712 (full 4):
 PSYoungGen      total 32256K, used 1274K [0x00000000d5580000, 0x00000000d7780000, 0x0000000100000000)
  eden space 30720K, 0% used [0x00000000d5580000,0x00000000d5580000,0x00000000d7380000)
  from space 1536K, 82% used [0x00000000d7600000,0x00000000d773e900,0x00000000d7780000)
  to   space 2048K, 0% used [0x00000000d7380000,0x00000000d7380000,0x00000000d7580000)
 ParOldGen       total 1391616K, used 1391263K [0x0000000080000000, 0x00000000d4f00000, 0x00000000d55800Event: 1767.152 {heap Before GC invocations=713 (full 4):
 PSYoungGen      total 32256K, used 31994K [0x00000000d5580000, 0x00000000d7780000, 0x0000000100000000)
  eden space 30720K, 100% used [0x00000000d5580000,0x00000000d7380000,0x00000000d7380000)
  from space 1536K, 82% used [0x00000000d7600000,0x00000000d773e900,0x00000000d7780000)
  to   space 2048K, 0% used [0x00000000d7380000,0x00000000d7380000,0x00000000d7580000)
 ParOldGen       total 1391616K, used 1391263K [0x0000000080000000, 0x00000000d4f00000, 0x00000000d5Event: 1767.155 {heap After GC invocations=713 (full 4):
 PSYoungGen      total 32256K, used 1117K [0x00000000d5580000, 0x00000000d7680000, 0x0000000100000000)
  eden space 30720K, 0% used [0x00000000d5580000,0x00000000d5580000,0x00000000d7380000)
  from space 1536K, 72% used [0x00000000d7380000,0x00000000d74976b0,0x00000000d7500000)
  to   space 1536K, 0% used [0x00000000d7500000,0x00000000d7500000,0x00000000d7680000)
 ParOldGen       total 1392640K, used 1392353K [0x0000000080000000, 0x00000000d5000000, 0x00000000d55800Event: 1829.078 {heap Before GC invocations=714 (full 4):
 PSYoungGen      total 32256K, used 31837K [0x00000000d5580000, 0x00000000d7680000, 0x0000000100000000)
  eden space 30720K, 100% used [0x00000000d5580000,0x00000000d7380000,0x00000000d7380000)
  from space 1536K, 72% used [0x00000000d7380000,0x00000000d74976b0,0x00000000d7500000)
  to   space 1536K, 0% used [0x00000000d7500000,0x00000000d7500000,0x00000000d7680000)
 ParOldGen       total 1392640K, used 1392353K [0x0000000080000000, 0x00000000d5000000, 0x00000000d5Event: 1829.080 {heap After GC invocations=714 (full 4):
 PSYoungGen      total 32256K, used 1043K [0x00000000d5580000, 0x00000000d7680000, 0x0000000100000000)
  eden space 30720K, 0% used [0x00000000d5580000,0x00000000d5580000,0x00000000d7380000)
  from space 1536K, 67% used [0x00000000d7500000,0x00000000d7604cd0,0x00000000d7680000)
  to   space 1536K, 0% used [0x00000000d7380000,0x00000000d7380000,0x00000000d7500000)
 ParOldGen       total 1393152K, used 1392975K [0x0000000080000000, 0x00000000d5080000, 0x00000000d55800
Metaspace Usage History (20 events):
Event: 1737.332 {metaspace Before GC invocations=705 (full 4):
 Metaspace       used 98801K, committed 100672K, reserved 1179648K
  class space    used 10626K, committed 11456K, reserved 1048576K
}
Event: 1737.336 {metaspace After GC invocations=705 (full 4):
 Metaspace       used 98801K, committed 100672K, reserved 1179648K
  class space    used 10626K, committed 11456K, reserved 1048576K
}
Event: 1737.379 {metaspace Before GC invocations=706 (full 4):
 Metaspace       used 98820K, committed 100672K, reserved 1179648K
  class space    used 10626K, committed 11456K, reserved 1048576K
}
Event: 1737.385 {metaspace After GC invocations=706 (full 4):
 Metaspace       used 98820K, committed 100672K, reserved 1179648K
  class space    used 10626K, committed 11456K, reserved 1048576K
}
Event: 1737.458 {metaspace Before GC invocations=707 (full 4):
 Metaspace       used 98833K, committed 100736K, reserved 1179648K
  class space    used 10627K, committed 11456K, reserved 1048576K
}
Event: 1737.467 {metaspace After GC invocations=707 (full 4):
 Metaspace       used 98833K, committed 100736K, reserved 1179648K
  class space    used 10627K, committed 11456K, reserved 1048576K
}
Event: 1737.725 {metaspace Before GC invocations=708 (full 4):
 Metaspace       used 98836K, committed 100736K, reserved 1179648K
  class space    used 10627K, committed 11456K, reserved 1048576K
}
Event: 1737.730 {metaspace After GC invocations=708 (full 4):
 Metaspace       used 98836K, committed 100736K, reserved 1179648K
  class space    used 10627K, committed 11456K, reserved 1048576K
}
Event: 1738.245 {metaspace Before GC invocations=709 (full 4):
 Metaspace       used 98840K, committed 100736K, reserved 1179648K
  class space    used 10627K, committed 11456K, reserved 1048576K
}
Event: 1738.247 {metaspace After GC invocations=709 (full 4):
 Metaspace       used 98840K, committed 100736K, reserved 1179648K
  class space    used 10627K, committed 11456K, reserved 1048576K
}
Event: 1754.140 {metaspace Before GC invocations=710 (full 4):
 Metaspace       used 98891K, committed 100736K, reserved 1179648K
  class space    used 10627K, committed 11456K, reserved 1048576K
}
Event: 1754.143 {metaspace After GC invocations=710 (full 4):
 Metaspace       used 98891K, committed 100736K, reserved 1179648K
  class space    used 10627K, committed 11456K, reserved 1048576K
}
Event: 1754.568 {metaspace Before GC invocations=711 (full 4):
 Metaspace       used 99195K, committed 101120K, reserved 1179648K
  class space    used 10651K, committed 11520K, reserved 1048576K
}
Event: 1754.571 {metaspace After GC invocations=711 (full 4):
 Metaspace       used 99195K, committed 101120K, reserved 1179648K
  class space    used 10651K, committed 11520K, reserved 1048576K
}
Event: 1766.342 {metaspace Before GC invocations=712 (full 4):
 Metaspace       used 99204K, committed 101120K, reserved 1179648K
  class space    used 10651K, committed 11520K, reserved 1048576K
}
Event: 1766.345 {metaspace After GC invocations=712 (full 4):
 Metaspace       used 99204K, committed 101120K, reserved 1179648K
  class space    used 10651K, committed 11520K, reserved 1048576K
}
Event: 1767.152 {metaspace Before GC invocations=713 (full 4):
 Metaspace       used 99207K, committed 101120K, reserved 1179648K
  class space    used 10651K, committed 11520K, reserved 1048576K
}
Event: 1767.155 {metaspace After GC invocations=713 (full 4):
 Metaspace       used 99207K, committed 101120K, reserved 1179648K
  class space    used 10651K, committed 11520K, reserved 1048576K
}
Event: 1829.078 {metaspace Before GC invocations=714 (full 4):
 Metaspace       used 99227K, committed 101120K, reserved 1179648K
  class space    used 10651K, committed 11520K, reserved 1048576K
}
Event: 1829.080 {metaspace After GC invocations=714 (full 4):
 Metaspace       used 99227K, committed 101120K, reserved 1179648K
  class space    used 10651K, committed 11520K, reserved 1048576K
}

Dll operation events (12 events):
Event: 0.205 Loaded shared library C:\Program Files\Java\jdk-25.0.2\bin\java.dll
Event: 0.385 Loaded shared library C:\Program Files\Java\jdk-25.0.2\bin\zip.dll
Event: 0.389 Loaded shared library C:\Program Files\Java\jdk-25.0.2\bin\instrument.dll
Event: 0.451 Loaded shared library C:\Program Files\Java\jdk-25.0.2\bin\net.dll
Event: 0.509 Loaded shared library C:\Program Files\Java\jdk-25.0.2\bin\nio.dll
Event: 0.513 Loaded shared library C:\Program Files\Java\jdk-25.0.2\bin\zip.dll
Event: 0.541 Loaded shared library C:\Program Files\Java\jdk-25.0.2\bin\jimage.dll
Event: 0.706 Loaded shared library C:\Program Files\Java\jdk-25.0.2\bin\verify.dll
Event: 13.096 Loaded shared library C:\Users\Dung\AppData\Roaming\Code\User\globalStorage\redhat.java\1.54.0\config_win\org.eclipse.equinox.launcher\org.eclipse.equinox.launcher.win32.win32.x86_64_1.3.0.v20260203-2149\eclipse_11919.dll
Event: 30.826 Loaded shared library C:\Users\Dung\AppData\Local\Temp\jna-2141738\jna6529855257405601276.dll
Event: 32.233 Loaded shared library C:\Program Files\Java\jdk-25.0.2\bin\sunmscapi.dll
Event: 32.527 Loaded shared library C:\Program Files\Java\jdk-25.0.2\bin\extnet.dll

Deoptimization events (20 events):
Event: 1754.215 Thread 0x00000181fe30c3e0 Uncommon trap: trap_request=0xffffffde fr.pc=0x00000181ec5b2268 relative=0x00000000000045e8
Event: 1754.215 Thread 0x00000181fe30c3e0 Uncommon trap: reason=class_check action=maybe_recompile pc=0x00000181ec5b2268 method=org.eclipse.jdt.core.dom.DefaultBindingResolver.resolveName(Lorg/eclipse/jdt/core/dom/Name;)Lorg/eclipse/jdt/core/dom/IBinding; @ 124 c2
Event: 1754.215 Thread 0x00000181fe30c3e0 DEOPT PACKING pc=0x00000181ec5b2268 sp=0x00000001d5afe470
Event: 1754.215 Thread 0x00000181fe30c3e0 DEOPT UNPACKING pc=0x00000181eae58782 sp=0x00000001d5afe430 mode 2
Event: 1754.215 Thread 0x00000181fe30c3e0 Uncommon trap: trap_request=0xffffffde fr.pc=0x00000181ec5b2268 relative=0x00000000000045e8
Event: 1754.215 Thread 0x00000181fe30c3e0 Uncommon trap: reason=class_check action=maybe_recompile pc=0x00000181ec5b2268 method=org.eclipse.jdt.core.dom.DefaultBindingResolver.resolveName(Lorg/eclipse/jdt/core/dom/Name;)Lorg/eclipse/jdt/core/dom/IBinding; @ 124 c2
Event: 1754.215 Thread 0x00000181fe30c3e0 DEOPT PACKING pc=0x00000181ec5b2268 sp=0x00000001d5afe570
Event: 1754.215 Thread 0x00000181fe30c3e0 DEOPT UNPACKING pc=0x00000181eae58782 sp=0x00000001d5afe530 mode 2
Event: 1754.215 Thread 0x00000181fe30c3e0 Uncommon trap: trap_request=0xffffffde fr.pc=0x00000181ec5b2268 relative=0x00000000000045e8
Event: 1754.215 Thread 0x00000181fe30c3e0 Uncommon trap: reason=class_check action=maybe_recompile pc=0x00000181ec5b2268 method=org.eclipse.jdt.core.dom.DefaultBindingResolver.resolveName(Lorg/eclipse/jdt/core/dom/Name;)Lorg/eclipse/jdt/core/dom/IBinding; @ 124 c2
Event: 1754.215 Thread 0x00000181fe30c3e0 DEOPT PACKING pc=0x00000181ec5b2268 sp=0x00000001d5afe4a0
Event: 1754.215 Thread 0x00000181fe30c3e0 DEOPT UNPACKING pc=0x00000181eae58782 sp=0x00000001d5afe460 mode 2
Event: 1754.296 Thread 0x00000181fe30c3e0 Uncommon trap: trap_request=0xffffffcc fr.pc=0x00000181ec333288 relative=0x0000000000000988
Event: 1754.296 Thread 0x00000181fe30c3e0 Uncommon trap: reason=intrinsic_or_type_checked_inlining action=make_not_entrant pc=0x00000181ec333288 method=org.eclipse.jdt.internal.compiler.parser.Parser.consumeConstructorHeaderName(Z)V @ 182 c2
Event: 1754.296 Thread 0x00000181fe30c3e0 DEOPT PACKING pc=0x00000181ec333288 sp=0x00000001d5afe110
Event: 1754.296 Thread 0x00000181fe30c3e0 DEOPT UNPACKING pc=0x00000181eae58782 sp=0x00000001d5afe088 mode 2
Event: 1767.111 Thread 0x00000181fe30c3e0 Uncommon trap: trap_request=0xffffffc6 fr.pc=0x00000181ec5c2f5c relative=0x000000000000275c
Event: 1767.111 Thread 0x00000181fe30c3e0 Uncommon trap: reason=bimorphic_or_optimized_type_check action=maybe_recompile pc=0x00000181ec5c2f5c method=org.eclipse.jdt.core.search.SearchPattern.findIndexMatches(Lorg/eclipse/jdt/internal/core/index/Index;Lorg/eclipse/jdt/internal/core/search/IndexQu
Event: 1767.111 Thread 0x00000181fe30c3e0 DEOPT PACKING pc=0x00000181ec5c2f5c sp=0x00000001d5afe3e0
Event: 1767.111 Thread 0x00000181fe30c3e0 DEOPT UNPACKING pc=0x00000181eae58782 sp=0x00000001d5afe378 mode 2

Classes loaded (20 events):
Event: 1700.260 Loading class sun/security/rsa/MGF1
Event: 1700.261 Loading class sun/security/rsa/MGF1 done
Event: 1700.262 Loading class sun/security/ssl/CipherSuite$1
Event: 1700.262 Loading class sun/security/ssl/CipherSuite$1 done
Event: 1700.279 Loading class java/util/stream/ReduceOps$6
Event: 1700.280 Loading class java/util/stream/ReduceOps$6 done
Event: 1700.280 Loading class java/util/stream/ReduceOps$5ReducingSink
Event: 1700.280 Loading class java/util/stream/ReduceOps$5ReducingSink done
Event: 1700.738 Loading class java/util/stream/FindOps$FindSink$OfLong
Event: 1700.738 Loading class java/util/stream/FindOps$FindSink$OfLong done
Event: 1700.741 Loading class java/util/OptionalLong
Event: 1700.742 Loading class java/util/OptionalLong done
Event: 1700.743 Loading class java/net/Authenticator$RequestorType
Event: 1700.744 Loading class java/net/Authenticator$RequestorType done
Event: 1713.464 Loading class java/util/Spliterators$IntArraySpliterator
Event: 1713.465 Loading class java/util/Spliterators$IntArraySpliterator done
Event: 1727.777 Loading class jdk/internal/module/IllegalAccessLogger
Event: 1727.777 Loading class jdk/internal/module/IllegalAccessLogger done
Event: 1737.332 Loading class jdk/internal/module/IllegalAccessLogger
Event: 1737.332 Loading class jdk/internal/module/IllegalAccessLogger done

Classes unloaded (20 events):
Event: 1048.792 Thread 0x00000181db012b60 Unloading class 0x000000001c7eed20 'org/codehaus/plexus/interpolation/Interpolator'
Event: 1048.792 Thread 0x00000181db012b60 Unloading class 0x000000001c7eeb18 'org/codehaus/plexus/interpolation/BasicInterpolator'
Event: 1048.792 Thread 0x00000181db012b60 Unloading class 0x000000001c7ee910 'org/codehaus/plexus/interpolation/ValueSource'
Event: 1048.792 Thread 0x00000181db012b60 Unloading class 0x000000001c7ee548 'org/apache/maven/shared/filtering/MavenResourcesExecution'
Event: 1048.792 Thread 0x00000181db012b60 Unloading class 0x000000001c7ee268 'org/apache/maven/shared/filtering/AbstractMavenFilteringRequest'
Event: 1048.792 Thread 0x00000181db012b60 Unloading class 0x000000001c7ee000 'org/apache/maven/shared/filtering/MavenFilteringException'
Event: 1048.792 Thread 0x00000181db012b60 Unloading class 0x000000001c7edba8 'org/apache/maven/shared/filtering/DefaultMavenResourcesFiltering'
Event: 1048.792 Thread 0x00000181db012b60 Unloading class 0x000000001c7ed9a0 'org/apache/maven/shared/filtering/MavenResourcesFiltering'
Event: 1048.792 Thread 0x00000181db012b60 Unloading class 0x000000001c7ed708 'org/apache/maven/shared/filtering/DefaultMavenReaderFilter'
Event: 1048.792 Thread 0x00000181db012b60 Unloading class 0x000000001c7ed500 'org/apache/maven/shared/filtering/MavenReaderFilter'
Event: 1048.792 Thread 0x00000181db012b60 Unloading class 0x000000001c7ed258 'org/apache/maven/shared/filtering/DefaultMavenFileFilter'
Event: 1048.792 Thread 0x00000181db012b60 Unloading class 0x000000001c7ed000 'org/apache/maven/shared/filtering/BaseFilter'
Event: 1048.792 Thread 0x00000181db012b60 Unloading class 0x000000001c7ecdd0 'org/apache/maven/shared/filtering/MavenFileFilter'
Event: 1048.792 Thread 0x00000181db012b60 Unloading class 0x000000001c7ecbc8 'org/apache/maven/shared/filtering/DefaultFilterInfo'
Event: 1048.792 Thread 0x00000181db012b60 Unloading class 0x000000001c7ec8b0 'org/apache/maven/plugins/resources/TestResourcesMojo'
Event: 1048.792 Thread 0x00000181db012b60 Unloading class 0x000000001c7ec628 'org/apache/maven/plugins/maven_resources_plugin/HelpMojo'
Event: 1048.792 Thread 0x00000181db012b60 Unloading class 0x000000001c7ec310 'org/apache/maven/plugins/resources/CopyResourcesMojo'
Event: 1048.792 Thread 0x00000181db012b60 Unloading class 0x000000001c7ec000 'org/apache/maven/plugins/resources/ResourcesMojo'
Event: 1048.792 Thread 0x00000181db012b60 Unloading class 0x000000001c7b4800 'java/lang/invoke/LambdaForm$MH+0x000000001c7b4800'
Event: 1048.792 Thread 0x00000181db012b60 Unloading class 0x000000001c7b4000 'java/lang/invoke/LambdaForm$MH+0x000000001c7b4000'

Classes redefined (0 events):
No events

Internal exceptions (20 events):
Event: 1767.337 Thread 0x00000181fe30c3e0 Exception <a 'java/io/IOException'{0x00000000d58c6bc0}> (0x00000000d58c6bc0) 
thrown [s\open\src\hotspot\share\prims\jni.cpp, line 516]
Event: 1767.338 Thread 0x00000181fe30c3e0 Exception <a 'java/io/IOException'{0x00000000d58c8c50}> (0x00000000d58c8c50) 
thrown [s\open\src\hotspot\share\prims\jni.cpp, line 516]
Event: 1767.338 Thread 0x00000181fe30c3e0 Exception <a 'java/io/IOException'{0x00000000d58cae70}> (0x00000000d58cae70) 
thrown [s\open\src\hotspot\share\prims\jni.cpp, line 516]
Event: 1767.339 Thread 0x00000181fe30c3e0 Exception <a 'java/io/IOException'{0x00000000d58ccdd8}> (0x00000000d58ccdd8) 
thrown [s\open\src\hotspot\share\prims\jni.cpp, line 516]
Event: 1767.339 Thread 0x00000181fe30c3e0 Exception <a 'java/io/IOException'{0x00000000d58cef20}> (0x00000000d58cef20) 
thrown [s\open\src\hotspot\share\prims\jni.cpp, line 516]
Event: 1767.340 Thread 0x00000181fe30c3e0 Exception <a 'java/io/IOException'{0x00000000d58d0e28}> (0x00000000d58d0e28) 
thrown [s\open\src\hotspot\share\prims\jni.cpp, line 516]
Event: 1767.340 Thread 0x00000181fe30c3e0 Exception <a 'java/io/IOException'{0x00000000d58d3030}> (0x00000000d58d3030) 
thrown [s\open\src\hotspot\share\prims\jni.cpp, line 516]
Event: 1767.341 Thread 0x00000181fe30c3e0 Exception <a 'java/io/IOException'{0x00000000d58d5008}> (0x00000000d58d5008) 
thrown [s\open\src\hotspot\share\prims\jni.cpp, line 516]
Event: 1767.341 Thread 0x00000181fe30c3e0 Exception <a 'java/io/IOException'{0x00000000d58d7198}> (0x00000000d58d7198) 
thrown [s\open\src\hotspot\share\prims\jni.cpp, line 516]
Event: 1767.342 Thread 0x00000181fe30c3e0 Exception <a 'java/io/IOException'{0x00000000d58d90b8}> (0x00000000d58d90b8) 
thrown [s\open\src\hotspot\share\prims\jni.cpp, line 516]
Event: 1767.344 Thread 0x00000181fe30c3e0 Exception <a 'java/io/IOException'{0x00000000d58f36f8}> (0x00000000d58f36f8) 
thrown [s\open\src\hotspot\share\prims\jni.cpp, line 516]
Event: 1767.345 Thread 0x00000181fe30c3e0 Exception <a 'java/io/IOException'{0x00000000d58f5618}> (0x00000000d58f5618) 
thrown [s\open\src\hotspot\share\prims\jni.cpp, line 516]
Event: 1767.345 Thread 0x00000181fe30c3e0 Exception <a 'java/io/IOException'{0x00000000d58f7790}> (0x00000000d58f7790) 
thrown [s\open\src\hotspot\share\prims\jni.cpp, line 516]
Event: 1767.346 Thread 0x00000181fe30c3e0 Exception <a 'java/io/IOException'{0x00000000d58f96d8}> (0x00000000d58f96d8) 
thrown [s\open\src\hotspot\share\prims\jni.cpp, line 516]
Event: 1767.350 Thread 0x00000181fe30c3e0 Exception <a 'java/io/IOException'{0x00000000d5971f20}> (0x00000000d5971f20) 
thrown [s\open\src\hotspot\share\prims\jni.cpp, line 516]
Event: 1767.350 Thread 0x00000181fe30c3e0 Exception <a 'java/io/IOException'{0x00000000d5973f38}> (0x00000000d5973f38) 
thrown [s\open\src\hotspot\share\prims\jni.cpp, line 516]
Event: 1767.351 Thread 0x00000181fe30c3e0 Exception <a 'java/io/IOException'{0x00000000d5976190}> (0x00000000d5976190) 
thrown [s\open\src\hotspot\share\prims\jni.cpp, line 516]
Event: 1767.352 Thread 0x00000181fe30c3e0 Exception <a 'java/io/IOException'{0x00000000d5978150}> (0x00000000d5978150) 
thrown [s\open\src\hotspot\share\prims\jni.cpp, line 516]
Event: 1767.402 Thread 0x00000181fc453e00 Exception <a 'sun/nio/fs/WindowsException'{0x00000000d5b9fb90}> (0x00000000d5b9fb90) 
thrown [s\open\src\hotspot\share\prims\jni.cpp, line 516]
Event: 1767.402 Thread 0x00000181fc453e00 Exception <a 'sun/nio/fs/WindowsException'{0x00000000d5ba0208}> (0x00000000d5ba0208) 
thrown [s\open\src\hotspot\share\prims\jni.cpp, line 516]

VM Operations (20 events):
Event: 1738.245 Executing safepoint VM operation: ParallelCollectForAllocation (Allocation Failure)
Event: 1738.247 Executing safepoint VM operation: ParallelCollectForAllocation (Allocation Failure) done
Event: 1743.617 Executing non-safepoint VM operation: HandshakeAllThreads (HandshakeForDeflation)
Event: 1743.617 Executing non-safepoint VM operation: HandshakeAllThreads (HandshakeForDeflation) done
Event: 1743.618 Executing non-safepoint VM operation: RendezvousGCThreads
Event: 1743.618 Executing non-safepoint VM operation: RendezvousGCThreads done
Event: 1754.140 Executing safepoint VM operation: ParallelCollectForAllocation (Allocation Failure)
Event: 1754.143 Executing safepoint VM operation: ParallelCollectForAllocation (Allocation Failure) done
Event: 1754.568 Executing safepoint VM operation: ParallelCollectForAllocation (Allocation Failure)
Event: 1754.571 Executing safepoint VM operation: ParallelCollectForAllocation (Allocation Failure) done
Event: 1766.342 Executing safepoint VM operation: ParallelCollectForAllocation (Allocation Failure)
Event: 1766.345 Executing safepoint VM operation: ParallelCollectForAllocation (Allocation Failure) done
Event: 1767.152 Executing safepoint VM operation: ParallelCollectForAllocation (Allocation Failure)
Event: 1767.155 Executing safepoint VM operation: ParallelCollectForAllocation (Allocation Failure) done
Event: 1803.751 Executing non-safepoint VM operation: HandshakeAllThreads (HandshakeForDeflation)
Event: 1803.751 Executing non-safepoint VM operation: HandshakeAllThreads (HandshakeForDeflation) done
Event: 1803.752 Executing non-safepoint VM operation: RendezvousGCThreads
Event: 1803.752 Executing non-safepoint VM operation: RendezvousGCThreads done
Event: 1829.078 Executing safepoint VM operation: ParallelCollectForAllocation (Allocation Failure)
Event: 1829.080 Executing safepoint VM operation: ParallelCollectForAllocation (Allocation Failure) done

Memory protections (0 events):
No events

Nmethod flushes (20 events):
Event: 1048.854 Thread 0x00000181db012b60 flushing  nmethod 0x00000181e485ff08
Event: 1048.854 Thread 0x00000181db012b60 flushing  nmethod 0x00000181e4862c88
Event: 1048.854 Thread 0x00000181db012b60 flushing  nmethod 0x00000181e4863888
Event: 1048.854 Thread 0x00000181db012b60 flushing  nmethod 0x00000181e4864d88
Event: 1048.854 Thread 0x00000181db012b60 flushing  nmethod 0x00000181e4874288
Event: 1048.854 Thread 0x00000181db012b60 flushing  nmethod 0x00000181e4875c08
Event: 1048.854 Thread 0x00000181db012b60 flushing  nmethod 0x00000181e48cc408
Event: 1048.854 Thread 0x00000181db012b60 flushing  nmethod 0x00000181e48cc888
Event: 1048.854 Thread 0x00000181db012b60 flushing  nmethod 0x00000181e48ccd88
Event: 1048.854 Thread 0x00000181db012b60 flushing  nmethod 0x00000181e48cd388
Event: 1048.854 Thread 0x00000181db012b60 flushing  nmethod 0x00000181e48e9888
Event: 1048.854 Thread 0x00000181db012b60 flushing osr nmethod 0x00000181e4911708
Event: 1048.854 Thread 0x00000181db012b60 flushing  nmethod 0x00000181e492a188
Event: 1048.854 Thread 0x00000181db012b60 flushing  nmethod 0x00000181e492f988
Event: 1048.854 Thread 0x00000181db012b60 flushing  nmethod 0x00000181e4932d08
Event: 1048.854 Thread 0x00000181db012b60 flushing osr nmethod 0x00000181e493be88
Event: 1048.854 Thread 0x00000181db012b60 flushing  nmethod 0x00000181e4e54908
Event: 1048.854 Thread 0x00000181db012b60 flushing  nmethod 0x00000181e4e55308
Event: 1048.854 Thread 0x00000181db012b60 flushing  nmethod 0x00000181e4e5ca08
Event: 1048.854 Thread 0x00000181db012b60 flushing  nmethod 0x00000181e4e5cd08

Events (20 events):
Event: 1760.752 Thread 0x00000181fee935d0 Thread exited: 0x00000181fee935d0
Event: 1767.395 Thread 0x00000181fe30ac70 Thread added: 0x00000181fc453e00
Event: 1767.404 Thread 0x00000181fc453e00 Thread added: 0x00000181fee9b2d0
Event: 1767.414 Thread 0x00000181fe30ac70 Thread added: 0x00000181fee9baa0
Event: 1767.414 Thread 0x00000181fee9b2d0 Thread exited: 0x00000181fee9b2d0
Event: 1767.673 Thread 0x00000181fee9baa0 Thread exited: 0x00000181fee9baa0
Event: 1770.014 Thread 0x00000181fc453e00 Thread exited: 0x00000181fc453e00
Event: 1785.205 Thread 0x000001818b823c10 Thread exited: 0x000001818b823c10
Event: 1797.437 Thread 0x00000181fee99390 Thread exited: 0x00000181fee99390
Event: 1800.015 Thread 0x00000181fe30ac70 Thread exited: 0x00000181fe30ac70
Event: 1814.558 Thread 0x00000181fe2fe920 Thread exited: 0x00000181fe2fe920
Event: 1814.558 Thread 0x00000181fc7aa480 Thread exited: 0x00000181fc7aa480
Event: 1814.559 Thread 0x00000181fee96c80 Thread exited: 0x00000181fee96c80
Event: 1826.327 Thread 0x00000181fc7a9cb0 Thread exited: 0x00000181fc7a9cb0
Event: 1827.258 Thread 0x00000181fee9a330 Thread exited: 0x00000181fee9a330
Event: 1828.591 Thread 0x00000181fda1d970 Thread added: 0x00000181fbe1ea00
Event: 1828.627 Thread 0x00000181fbe1ea00 Thread added: 0x00000181fee96c80
Event: 1829.099 Thread 0x00000181daf9e930 Thread added: 0x0000018180674d00
Event: 1830.009 Thread 0x00000181fb873ee0 Thread exited: 0x00000181fb873ee0
Event: 1834.139 Thread 0x0000018180674d00 Thread exited: 0x0000018180674d00


Dynamic libraries:
0x00007ff610930000 - 0x00007ff610940000 	C:\Program Files\Java\jdk-25.0.2\bin\java.exe
0x00007ffe5fb30000 - 0x00007ffe5fd47000 	C:\WINDOWS\SYSTEM32\ntdll.dll
0x00007ffe5e360000 - 0x00007ffe5e424000 	C:\WINDOWS\System32\KERNEL32.DLL
0x00007ffe5d3b0000 - 0x00007ffe5d782000 	C:\WINDOWS\System32\KERNELBASE.dll
0x00007ffe5d290000 - 0x00007ffe5d3a1000 	C:\WINDOWS\System32\ucrtbase.dll
0x00007ffe3d6f0000 - 0x00007ffe3d707000 	C:\Program Files\Java\jdk-25.0.2\bin\jli.dll
0x00007ffe56900000 - 0x00007ffe5691e000 	C:\Program Files\Java\jdk-25.0.2\bin\VCRUNTIME140.dll
0x00007ffe5eb40000 - 0x00007ffe5ecf1000 	C:\WINDOWS\System32\USER32.dll
0x00007ffe38fe0000 - 0x00007ffe3927b000 	C:\WINDOWS\WinSxS\amd64_microsoft.windows.common-controls_6595b64144ccf1df_6.0.22621.5547_none_27104afb73855772\COMCTL32.dll
0x00007ffe5d170000 - 0x00007ffe5d196000 	C:\WINDOWS\System32\win32u.dll
0x00007ffe5dde0000 - 0x00007ffe5de87000 	C:\WINDOWS\System32\msvcrt.dll
0x00007ffe5df80000 - 0x00007ffe5dfa9000 	C:\WINDOWS\System32\GDI32.dll
0x00007ffe5cbf0000 - 0x00007ffe5cd13000 	C:\WINDOWS\System32\gdi32full.dll
0x00007ffe5d0d0000 - 0x00007ffe5d16a000 	C:\WINDOWS\System32\msvcp_win.dll
0x00007ffe5de90000 - 0x00007ffe5dec1000 	C:\WINDOWS\System32\IMM32.DLL
0x00007ffe3e440000 - 0x00007ffe3e44c000 	C:\Program Files\Java\jdk-25.0.2\bin\vcruntime140_1.dll
0x00007ffe156b0000 - 0x00007ffe1573d000 	C:\Program Files\Java\jdk-25.0.2\bin\msvcp140.dll
0x00007ffdaccd0000 - 0x00007ffdadb2f000 	C:\Program Files\Java\jdk-25.0.2\bin\server\jvm.dll
0x00007ffe5ea80000 - 0x00007ffe5eb31000 	C:\WINDOWS\System32\ADVAPI32.dll
0x00007ffe5ee20000 - 0x00007ffe5eec8000 	C:\WINDOWS\System32\sechost.dll
0x00007ffe5d1a0000 - 0x00007ffe5d1c8000 	C:\WINDOWS\System32\bcrypt.dll
0x00007ffe5ed00000 - 0x00007ffe5ee14000 	C:\WINDOWS\System32\RPCRT4.dll
0x00007ffe5f7a0000 - 0x00007ffe5f811000 	C:\WINDOWS\System32\WS2_32.dll
0x00007ffe5cac0000 - 0x00007ffe5cb0d000 	C:\WINDOWS\SYSTEM32\POWRPROF.dll
0x00007ffe578b0000 - 0x00007ffe578e4000 	C:\WINDOWS\SYSTEM32\WINMM.dll
0x00007ffe51720000 - 0x00007ffe5172a000 	C:\WINDOWS\SYSTEM32\VERSION.dll
0x00007ffe5caa0000 - 0x00007ffe5cab3000 	C:\WINDOWS\SYSTEM32\UMPDC.dll
0x00007ffe5bb90000 - 0x00007ffe5bba8000 	C:\WINDOWS\SYSTEM32\kernel.appcore.dll
0x00007ffe3e360000 - 0x00007ffe3e36a000 	C:\Program Files\Java\jdk-25.0.2\bin\jimage.dll
0x00007ffe59eb0000 - 0x00007ffe5a0e3000 	C:\WINDOWS\SYSTEM32\DBGHELP.DLL
0x00007ffe5dfc0000 - 0x00007ffe5e353000 	C:\WINDOWS\System32\combase.dll
0x00007ffe5d8e0000 - 0x00007ffe5d9b7000 	C:\WINDOWS\System32\OLEAUT32.dll
0x00007ffe19f90000 - 0x00007ffe19fc2000 	C:\WINDOWS\SYSTEM32\dbgcore.DLL
0x00007ffe5ce60000 - 0x00007ffe5cedb000 	C:\WINDOWS\System32\bcryptPrimitives.dll
0x00007ffe3e140000 - 0x00007ffe3e150000 	C:\Program Files\Java\jdk-25.0.2\bin\instrument.dll
0x00007ffe32e80000 - 0x00007ffe32e9f000 	C:\Program Files\Java\jdk-25.0.2\bin\java.dll
0x00007ffe5dc30000 - 0x00007ffe5ddd0000 	C:\WINDOWS\System32\ole32.dll
0x00007ffe5eef0000 - 0x00007ffe5f792000 	C:\WINDOWS\System32\SHELL32.dll
0x00007ffe5cd20000 - 0x00007ffe5ce5f000 	C:\WINDOWS\System32\wintypes.dll
0x00007ffe5aad0000 - 0x00007ffe5b3ed000 	C:\WINDOWS\SYSTEM32\windows.storage.dll
0x00007ffe5f9a0000 - 0x00007ffe5faac000 	C:\WINDOWS\System32\SHCORE.dll
0x00007ffe5d870000 - 0x00007ffe5d8d9000 	C:\WINDOWS\System32\shlwapi.dll
0x00007ffe5cb20000 - 0x00007ffe5cb4b000 	C:\WINDOWS\SYSTEM32\profapi.dll
0x00007ffe32a10000 - 0x00007ffe32a27000 	C:\Program Files\Java\jdk-25.0.2\bin\zip.dll
0x00007ffe32d40000 - 0x00007ffe32d52000 	C:\Program Files\Java\jdk-25.0.2\bin\net.dll
0x00007ffe5c070000 - 0x00007ffe5c0d9000 	C:\WINDOWS\system32\mswsock.dll
0x00007ffe31890000 - 0x00007ffe318a6000 	C:\Program Files\Java\jdk-25.0.2\bin\nio.dll
0x00007ffe3ce10000 - 0x00007ffe3ce20000 	C:\Program Files\Java\jdk-25.0.2\bin\verify.dll
0x00007ffe26050000 - 0x00007ffe26095000 	C:\Users\Dung\AppData\Roaming\Code\User\globalStorage\redhat.java\1.54.0\config_win\org.eclipse.equinox.launcher\org.eclipse.equinox.launcher.win32.win32.x86_64_1.3.0.v20260203-2149\eclipse_11919.dll
0x00007ffe5c2d0000 - 0x00007ffe5c2eb000 	C:\WINDOWS\SYSTEM32\CRYPTSP.dll
0x00007ffe5bb50000 - 0x00007ffe5bb87000 	C:\WINDOWS\system32\rsaenh.dll
0x00007ffe5c170000 - 0x00007ffe5c198000 	C:\WINDOWS\SYSTEM32\USERENV.dll
0x00007ffe5c2f0000 - 0x00007ffe5c2fc000 	C:\WINDOWS\SYSTEM32\CRYPTBASE.dll
0x00007ffe5b650000 - 0x00007ffe5b67d000 	C:\WINDOWS\SYSTEM32\IPHLPAPI.DLL
0x00007ffe5e430000 - 0x00007ffe5e439000 	C:\WINDOWS\System32\NSI.dll
0x00007ffe207d0000 - 0x00007ffe20819000 	C:\Users\Dung\AppData\Local\Temp\jna-2141738\jna6529855257405601276.dll
0x00007ffe5dfb0000 - 0x00007ffe5dfb8000 	C:\WINDOWS\System32\PSAPI.DLL
0x00007ffe59760000 - 0x00007ffe5988c000 	C:\WINDOWS\SYSTEM32\winhttp.dll
0x00007ffe55f50000 - 0x00007ffe55f69000 	C:\WINDOWS\SYSTEM32\dhcpcsvc6.DLL
0x00007ffe55ef0000 - 0x00007ffe55f0f000 	C:\WINDOWS\SYSTEM32\dhcpcsvc.DLL
0x00007ffe40370000 - 0x00007ffe4037e000 	C:\Program Files\Java\jdk-25.0.2\bin\sunmscapi.dll
0x00007ffe5cf60000 - 0x00007ffe5d0c7000 	C:\WINDOWS\System32\CRYPT32.dll
0x00007ffe5c490000 - 0x00007ffe5c4bd000 	C:\WINDOWS\SYSTEM32\ncrypt.dll
0x00007ffe5c450000 - 0x00007ffe5c487000 	C:\WINDOWS\SYSTEM32\NTASN1.dll
0x00007ffe5b680000 - 0x00007ffe5b778000 	C:\WINDOWS\SYSTEM32\DNSAPI.dll
0x00007ffe55900000 - 0x00007ffe5590a000 	C:\Windows\System32\rasadhlp.dll
0x00007ffe54be0000 - 0x00007ffe54c64000 	C:\WINDOWS\System32\fwpuclnt.dll
0x00007ffe3ff60000 - 0x00007ffe3ff69000 	C:\Program Files\Java\jdk-25.0.2\bin\extnet.dll
0x00007ffe29e60000 - 0x00007ffe29e68000 	C:\WINDOWS\system32\wshunix.dll

JVMTI agents:
c:\Users\Dung\.vscode\extensions\redhat.java-1.54.0-win32-x64\lombok\lombok-1.18.39-4050.jar path:C:\Program Files\Java\jdk-25.0.2\bin\instrument.dll, loaded, initialized, instrumentlib options:none

dbghelp: loaded successfully - version: 4.0.5 - missing functions: none
symbol engine: initialized successfully - sym options: 0x614 - pdb path: .;C:\Program Files\Java\jdk-25.0.2\bin;C:\WINDOWS\SYSTEM32;C:\WINDOWS\WinSxS\amd64_microsoft.windows.common-controls_6595b64144ccf1df_6.0.22621.5547_none_27104afb73855772;C:\Program Files\Java\jdk-25.0.2\bin\server;C:\Users\Dung\AppData\Roaming\Code\User\globalStorage\redhat.java\1.54.0\config_win\org.eclipse.equinox.launcher\org.eclipse.equinox.launcher.win32.win32.x86_64_1.3.0.v20260203-2149;C:\Users\Dung\AppData\Local\Temp\jna-2141738

VM Arguments:
jvm_args: -Djdk.xml.maxGeneralEntitySizeLimit=0 -Djdk.xml.totalEntitySizeLimit=0 --add-modules=ALL-SYSTEM --add-opens=java.base/java.util=ALL-UNNAMED --add-opens=java.base/java.lang=ALL-UNNAMED --add-opens=java.base/sun.nio.fs=ALL-UNNAMED -Declipse.application=org.eclipse.jdt.ls.core.id1 -Dosgi.bundles.defaultStartLevel=4 -Declipse.product=org.eclipse.jdt.ls.core.product -Djava.import.generatesMetadataFilesAtProjectRoot=false -DDetectVMInstallationsJob.disabled=true -Dfile.encoding=utf8 -XX:+UseParallelGC -XX:GCTimeRatio=4 -XX:AdaptiveSizePolicyWeight=90 -Dsun.zip.disableMemoryMapping=true -Xmx2G -Xms100m -Xlog:disable -javaagent:c:\Users\Dung\.vscode\extensions\redhat.java-1.54.0-win32-x64\lombok\lombok-1.18.39-4050.jar -XX:+HeapDumpOnOutOfMemoryError -XX:HeapDumpPath=c:\Users\Dung\AppData\Roaming\Code\User\workspaceStorage\834105afab853a28741eed047361b5a1\redhat.java -Daether.dependencyCollector.impl=bf 
java_command: c:\Users\Dung\.vscode\extensions\redhat.java-1.54.0-win32-x64\server\plugins\org.eclipse.equinox.launcher_1.7.100.v20251111-0406.jar -configuration c:\Users\Dung\AppData\Roaming\Code\User\globalStorage\redhat.java\1.54.0\config_win -data c:\Users\Dung\AppData\Roaming\Code\User\workspaceStorage\834105afab853a28741eed047361b5a1\redhat.java\jdt_ws --pipe=\\.\pipe\lsp-a8b8a93e53e5f9c8ca579fc97fae33d5-sock
java_class_path (initial): c:\Users\Dung\.vscode\extensions\redhat.java-1.54.0-win32-x64\server\plugins\org.eclipse.equinox.launcher_1.7.100.v20251111-0406.jar
Launcher Type: SUN_STANDARD

[Global flags]
     uint AdaptiveSizePolicyWeight                 = 90                                        {product} {command line}
     intx CICompilerCount                          = 4                                         {product} {ergonomic}
     uint GCTimeRatio                              = 4                                         {product} {command line}
     bool HeapDumpOnOutOfMemoryError               = true                                   {manageable} {command line}
    ccstr HeapDumpPath                             = c:\Users\Dung\AppData\Roaming\Code\User\workspaceStorage\834105afab853a28741eed047361b5a1\redhat.java         {manageable} {command line}
   size_t InitialHeapSize                          = 104857600                                 {product} {command line}
   size_t MaxHeapSize                              = 2147483648                                {product} {command line}
   size_t MaxNewSize                               = 715653120                                 {product} {ergonomic}
   size_t MinHeapDeltaBytes                        = 524288                                    {product} {ergonomic}
   size_t MinHeapSize                              = 104857600                                 {product} {command line}
   size_t NewSize                                  = 34603008                                  {product} {ergonomic}
    uintx NonNMethodCodeHeapSize                   = 5832704                                {pd product} {ergonomic}
    uintx NonProfiledCodeHeapSize                  = 122945536                              {pd product} {ergonomic}
    uintx ProfiledCodeHeapSize                     = 122880000                              {pd product} {ergonomic}
    uintx ReservedCodeCacheSize                    = 251658240                              {pd product} {ergonomic}
     bool SegmentedCodeCache                       = true                                      {product} {ergonomic}
   size_t SoftMaxHeapSize                          = 2147483648                             {manageable} {ergonomic}
     bool UseCompressedOops                        = true                           {product lp64_product} {ergonomic}
     bool UseLargePagesIndividualAllocation        = false                                  {pd product} {ergonomic}
     bool UseParallelGC                            = true                                      {product} {command line}

Logging:
Log output configuration:
 #0: stdout all=off uptime,level,tags foldmultilines=false
 #1: stderr all=off uptime,level,tags foldmultilines=false

Release file:
IMPLEMENTOR="Oracle Corporation" 
JAVA_RUNTIME_VERSION="25.0.2+10-LTS-69" 
JAVA_VERSION="25.0.2" 
JAVA_VERSION_DATE="2026-01-20" 
LIBC="default" 
MODULES="java.base java.compiler java.datatransfer java.xml java.prefs java.desktop java.instrument java.logging java.management java.security.sasl java.naming java.rmi java.management.rmi java.net.http java.scripting java.security.jgss java.transaction.xa java.sql java.sql.rowset java.xml.crypto java.se java.smartcardio jdk.accessibility jdk.internal.jvmstat jdk.attach jdk.charsets jdk.internal.opt jdk.zipfs jdk.compiler jdk.crypto.cryptoki jdk.crypto.ec jdk.crypto.mscapi jdk.dynalink jdk.internal.ed jdk.editpad jdk.internal.vm.ci jdk.graal.compiler jdk.graal.compiler.management jdk.hotspot.agent jdk.httpserver jdk.incubator.vector jdk.internal.le jdk.internal.md jdk.jartool jdk.javadoc jdk.jcmd jdk.management jdk.management.agent jdk.jconsole jdk.jdeps jdk.jdwp.agent jdk.jdi jdk.jfr jdk.jlink jdk.jpackage jdk.jshell jdk.jsobject jdk.jstatd jdk.localedata jdk.management.jfr jdk.naming.dns jdk.naming.rmi jdk.net jdk.nio.mapmode jdk.sctp jdk.security.auth jdk.security.jgss jdk.unsupported jdk.unsupported.desktop jdk.xml.dom" 
OS_ARCH="x86_64" 
OS_NAME="Windows" 
SOURCE=".:git:b75efb40c93a open:git:405a5699ebd0" 

Environment Variables:
JAVA_HOME=C:\Program Files\Java\jdk-25.0.2
PATH=C:\Users\Dung\AppData\Local\Programs\Microsoft VS Code;C:\Program Files\Java\jdk1.8.0_202\bin;C:\Program Files (x86)\Common Files\Oracle\Java\javapath;C:\Program Files (x86)\VMware\VMware Workstation\bin\;C:\Program Files\Common Files\Oracle\Java\javapath;C:\WINDOWS\system32;C:\WINDOWS;C:\WINDOWS\System32\Wbem;C:\WINDOWS\System32\WindowsPowerShell\v1.0\;C:\WINDOWS\System32\OpenSSH\;C:\Program Files\PuTTY\;C:\Program Files\Java\jdk-22\bin;C:\Program Files (x86)\Vim\vim90;C:\sqlite;C:\Program Files\PostgreSQL\16\bin;C:\ProgramData\chocolatey\bin;C:\msys64\ucrt64\bin;C:\Users\Dung\AppData\Local\Programs\Python\Python311;C:\Program Files\dotnet\;C:\ProgramData\chocolatey\lib\maven\apache-maven-3.9.6\bin;C:\Program Files\CMake\bin;C:\Program Files\Docker\Docker\resources\bin;C:\Program Files\Go\bin;C:\Cassandra\apache-cassandra-5.0-beta1\bin;C:\Program Files\Microsoft SQL Server\Client SDK\ODBC\170\Tools\Binn\;C:\Program Files\Java\jdk-23\bin;C:\Program Files\WireGuard\;C:\Program Files\Microsoft SQL Server\150\Tools\Binn\;C:\Program Files\Git\cmd;C:\Program Files\nodejs\;C:\Program Files\Cloudflare\Cloudflare WARP\;C:\Program Files\Tailscale\;C:\Program Files\Microsoft SQL Server\170\DTS\Binn\;C:\Program Files (x86)\Microsoft SQL Server\170\Tools\Binn\;C:\Program Files\Microsoft SQL Server\170\Tools\Binn\;C:\Program Files\Microsoft SQL Server\Client SDK\ODBC\180\Tools\Binn\;C:\Program Files\MySQL\MySQL Shell 8.0\bin\;C:\Users\Dung\AppData\Local\Programs\Python\Python311\Scripts\;C:\Users\Dung\AppData\Local\Programs\Python\Python311\;C:\Users\Dung\AppData\Local\Microsoft\WindowsApps;C:\Users\Dung\AppData\Local\Programs\Microsoft VS Code\bin;C:\Users\Dung\AppData\Local\JetBrains\Toolbox\scripts;C:\Users\Dung\go\bin;C:\Users\Dung\AppData\Roaming\Programs\Zero Install;C:\Program Files\JetBrains\PyCharm 2024.2\bin;;C:\Program Files\JetBrains\IntelliJ IDEA 2024.2.4\bin;;C:\Users\Dung\AppData\Local\Microsoft\WinGet\Packages\GNU.Nano_Microsoft.Winget.Source_8wekyb3d8bbwe;C:\Users\Dung\.dotnet\tools;C:\Program Files (x86)\Nmap;C:\Users\Dung\AppData\Local\Programs\mongosh\;C:\Users\Dung\AppData\Roaming\npm
USERNAME=Dung
OS=Windows_NT
PROCESSOR_IDENTIFIER=Intel64 Family 6 Model 154 Stepping 4, GenuineIntel
TMP=C:\Users\Dung\AppData\Local\Temp
TEMP=C:\Users\Dung\AppData\Local\Temp




Compilation memory statistics disabled.

Periodic native trim disabled

---------------  S Y S T E M  ---------------

OS:
 Windows 11 , 64 bit Build 22621 (10.0.22621.5415)
OS uptime: 9 days 2:53 hours
Hyper-V role detected

CPU: total 12 (initial active 12) (6 cores per cpu, 2 threads per core) family 6 model 154 stepping 4 microcode 0x437, cx8, cmov, fxsr, ht, mmx, 3dnowpref, sse, sse2, sse3, ssse3, sse4.1, sse4.2, popcnt, lzcnt, tsc, tscinvbit, avx, avx2, aes, erms, clmul, bmi1, bmi2, adx, sha, fma, vzeroupper, clflush, clflushopt, clwb, hv, serialize, rdtscp, rdpid, fsrm, gfni, f16c, cet_ibt, cet_ss
Processor Information for the first 12 processors :
  Max Mhz: 1300, Current Mhz: 1300, Mhz Limit: 1300

Memory: 4k page, system-wide physical 15568M (454M free)
TotalPageFile size 23760M (AvailPageFile size 100M)
current process WorkingSet (physical memory assigned to process): 1618M, peak: 1619M
current process commit charge ("private bytes"): 1791M, peak: 1801M

vm_info: Java HotSpot(TM) 64-Bit Server VM (25.0.2+10-LTS-69) for windows-amd64 JRE (25.0.2+10-LTS-69), built on 2025-12-18T11:36:35Z with MS VC++ 17.13 (VS2022)

END.
